Solid Edge Translation to STL
Date: tisdag,november 04,2025 02:05
Source File:C:\Users\Viktor Traktor\Downloads\VolvoExcavator\CAD\SensorfasteBoom_1.par
Source System: SOLID EDGE

Hardware:
Processor: Intel(R) Core(TM) i9-9900K CPU @ 3.60GHz
Operating System: Windows 10 Professional
Installed Memory: 31,79 GB

Software Information:
Parasolid Version: 37.0.118
PSBodyshop Version: 37.0.94
STL Adapter Version: 15.0.142
Solid Edge Version: 225.00.00.114 x64

STL Export Options:
Output File Format:BINARY
Export Displayed Parts:Off
structureOption: Monolithic
Export Units:Millimeter
Export Tolerance Value:0,001000
Export Tolerance Type:Fine
Export Surface Plane Angle Value:0,523599

Translation progress:
Translation process completed
Time required to translate:00 : 00 : 01
